Build started 2016/4/10 5:56:52.
     1>Project "C:\Users\Ashgu\Documents\Visual Studio 2013\Projects\University Project\ECS165B HW2\ECS165B HW2\ECS165B HW2.vcxproj" on node 2 (Build target(s)).
     1>ClCompile:
         C:\ASH\ASH的学习\ASH Computer Science\Visual Studio\VC\bin\CL.exe /c /ZI /nologo /W3 /WX- /sdl /Od /Oy- /D _MBCS /Gm /EHsc /RTC1 /MDd /GS /fp:precise /Zc:wchar_t /Zc:forScope /Fo"Debug\\" /Fd"Debug\vc120.pdb" /Gd /TP /analyze- /errorReport:prompt parser.cpp
         parser.cpp
     1>c:\users\ashgu\documents\visual studio 2013\projects\university project\ecs165b hw2\ecs165b hw2\parser.cpp(15): fatal error C1083: Cannot open include file: 'unistd.h': No such file or directory
     1>Done Building Project "C:\Users\Ashgu\Documents\Visual Studio 2013\Projects\University Project\ECS165B HW2\ECS165B HW2\ECS165B HW2.vcxproj" (Build target(s)) -- FAILED.

Build FAILED.

Time Elapsed 00:00:00.99
